\BOOKMARK [1][-]{section.1}{\376\377\000C\000h\000r\000i\000s\000t\000i\000m\000a\000s\000\040\000i\000n\000\040\000P\000a\000r\000i\000s\000,\000\040\000c\000a\000.\000\040\0001\0002\0008\0000}{}% 1
\BOOKMARK [2][-]{subsection.1.1}{\376\377\000C\000h\000u\000r\000c\000h\000\040\000M\000u\000s\000i\000c}{section.1}% 2
\BOOKMARK [2][-]{subsection.1.2}{\376\377\000P\000u\000e\000r\000\040\000n\000a\000t\000u\000s\000\040\000e\000s\000t\000\040\000n\000o\000b\000i\000s\000\040\000\050\040\034\000A\000\040\000c\000h\000i\000l\000d\000\040\000i\000s\000\040\000b\000o\000r\000n\000\040\000t\000o\000\040\000u\000s\040\035\000\051}{section.1}% 3
\BOOKMARK [2][-]{subsection.1.3}{\376\377\000V\000i\000d\000e\000r\000u\000n\000t\000\040\000o\000m\000n\000e\000s\000\040\000\050\040\034\000A\000l\000l\000\040\000t\000h\000e\000\040\000e\000n\000d\000s\000\040\000o\000f\000\040\000t\000h\000e\000\040\000e\000a\000r\000t\000h\000\040\000h\000a\000v\000e\000\040\000s\000e\000e\000n\000\040\000t\000h\000e\000\040\000s\000a\000l\000v\000a\000t\000i\000o\000n\000\040\000o\000f\000\040\000o\000u\000r\000\040\000G\000o\000d\040\035\000\051}{section.1}% 4
\BOOKMARK [2][-]{subsection.1.4}{\376\377\000T\000y\000p\000e\000s\000\040\000o\000f\000\040\000C\000h\000u\000r\000c\000h\000\040\000M\000u\000s\000i\000c}{section.1}% 5
\BOOKMARK [3][-]{subsubsection.1.4.1}{\376\377\000C\000h\000a\000n\000t\000s}{subsection.1.4}% 6
\BOOKMARK [3][-]{subsubsection.1.4.2}{\376\377\000O\000r\000g\000a\000n\000u\000m}{subsection.1.4}% 7
\BOOKMARK [2][-]{subsection.1.5}{\376\377\000L\000e\000o\000n\000i\000n\000'\000s\000\040\000a\000n\000d\000\040\000P\000e\000r\000o\000t\000i\000n\000'\000s\000\040\000s\000e\000t\000t\000i\000n\000g\000\040\000o\000f\000\040\000V\000i\000d\000e\000r\000u\000n\000t\000\040\000o\000m\000n\000e\000s}{section.1}% 8
\BOOKMARK [3][-]{subsubsection.1.5.1}{\376\377\000L\000e\000o\000n\000i\000n\000'\000s\000\040\000V\000i\000d\000e\000r\000u\000n\000\040\000o\000m\000n\000e\000s}{subsection.1.5}% 9
\BOOKMARK [3][-]{subsubsection.1.5.2}{\376\377\000P\000e\000r\000o\000t\000i\000n\000'\000s\000\040\000V\000i\000d\000e\000r\000u\000n\000\040\000o\000m\000n\000e\000s}{subsection.1.5}% 10
\BOOKMARK [2][-]{subsection.1.6}{\376\377\000S\000e\000c\000u\000l\000a\000r\000\040\000M\000u\000s\000i\000c\000\040\000a\000n\000d\000\040\000T\000y\000p\000e\000s\000\040\000o\000f\000\040\000S\000e\000c\000u\000l\000a\000r\000\040\000M\000u\000s\000i\000c}{section.1}% 11
\BOOKMARK [3][-]{subsubsection.1.6.1}{\376\377\000E\000s\000t\000a\000m\000p\000i\000e}{subsection.1.6}% 12
\BOOKMARK [3][-]{subsubsection.1.6.2}{\376\377\000T\000r\000o\000u\000v\000\350\000r\000e\000\040\000s\000o\000n\000g}{subsection.1.6}% 13
\BOOKMARK [3][-]{subsubsection.1.6.3}{\376\377\000M\000o\000t\000e\000t}{subsection.1.6}% 14
\BOOKMARK [2][-]{subsection.1.7}{\376\377\000J\000e\000u\000\040\000d\000e\000\040\000R\000o\000b\000i\000n\000\040\000e\000t\000\040\000M\000a\000r\000i\000o\000n\000\040\000\050\040\034\000p\000l\000a\000y\000\040\000w\000i\000t\000h\000\040\000s\000o\000n\000g\000s\040\035\000\051}{section.1}% 15
\BOOKMARK [2][-]{subsection.1.8}{\376\377\000D\000e\000\040\000m\000a\000\040\000d\000a\000m\000e\000\040\000v\000i\000e\000n\000t\000/\000D\000i\000e\000u\000s\000,\000\040\000c\000o\000m\000m\000e\000n\000t\000\040\000p\000o\000r\000r\000o\000i\000e\000/\000O\000m\000n\000e\000s}{section.1}% 16
\BOOKMARK [2][-]{subsection.1.9}{\376\377\000E\000m\000e\000r\000g\000e\000n\000c\000e\000\040\000o\000f\000\040\000P\000o\000l\000y\000p\000h\000o\000n\000y}{section.1}% 17
\BOOKMARK [1][-]{section.2}{\376\377\000A\000t\000\040\000t\000h\000e\000\040\000C\000o\000u\000r\000t\000\040\000o\000f\000\040\000P\000h\000i\000l\000i\000p\000\040\000t\000h\000e\000\040\000G\000o\000o\000d\000\040\000o\000f\000\040\000B\000u\000r\000g\000u\000n\000d\000y\000,\000\040\000c\000a\000.\000\040\0001\0004\0005\0000}{}% 18
\BOOKMARK [2][-]{subsection.2.1}{\376\377\000T\000h\000e\000\040\000D\000u\000c\000h\000y\000\040\000o\000f\000\040\000B\000u\000r\000g\000u\000n\000d\000y}{section.2}% 19
\BOOKMARK [2][-]{subsection.2.2}{\376\377\000R\000o\000s\000e\000\040\000l\000i\000z\000\040\000p\000r\000i\000n\000t\000e\000m\000p\000s\000\040\000v\000e\000r\000d\000u\000r\000e}{section.2}% 20
\BOOKMARK [2][-]{subsection.2.3}{\376\377\000G\000i\000l\000l\000e\000s\000\040\000B\000i\000n\000c\000h\000o\000i\000s\000\040\000\050\000G\000i\000l\000l\000e\000s\000\040\000d\000e\000\040\000B\000i\000n\000s\000\051}{section.2}% 21
\BOOKMARK [3][-]{subsubsection.2.3.1}{\376\377\000D\000e\000u\000i\000l\000\040\000a\000n\000g\000o\000i\000s\000s\000e\000u\000x\000\040\000\050\000c\000e\000r\000e\000m\000o\000n\000i\000a\000l\000\040\000b\000a\000l\000l\000a\000d\000e\000\040\000\050\000a\000a\000'\000b\000C\000\051\000\051}{subsection.2.3}% 22
\BOOKMARK [2][-]{subsection.2.4}{\376\377\000T\000h\000e\000\040\000E\000n\000g\000l\000i\000s\000h\000\040\000G\000u\000i\000s\000e}{section.2}% 23
\BOOKMARK [3][-]{subsubsection.2.4.1}{\376\377\000J\000o\000h\000n\000\040\000D\000u\000n\000s\000t\000a\000b\000l\000e}{subsection.2.4}% 24
\BOOKMARK [3][-]{subsubsection.2.4.2}{\376\377\000Q\000u\000a\000m\000\040\000p\000u\000l\000c\000h\000r\000a\000\040\000e\000s}{subsection.2.4}% 25
\BOOKMARK [3][-]{subsubsection.2.4.3}{\376\377\000J\000o\000h\000a\000n\000n\000e\000s\000\040\000T\000i\000n\000c\000t\000o\000r\000i\000s}{subsection.2.4}% 26
\BOOKMARK [3][-]{subsubsection.2.4.4}{\376\377\000M\000a\000r\000t\000i\000n\000\040\000l\000e\000\040\000F\000r\000a\000n\000c}{subsection.2.4}% 27
\BOOKMARK [3][-]{subsubsection.2.4.5}{\376\377\000G\000u\000i\000l\000l\000a\000u\000m\000e\000\040\000D\000u\000\040\000F\000a\000y}{subsection.2.4}% 28
\BOOKMARK [3][-]{subsubsection.2.4.6}{\376\377\000N\000u\000p\000e\000r\000\040\000r\000o\000s\000a\000r\000u\000m\000\040\000f\000l\000o\000r\000e\000s}{subsection.2.4}% 29
\BOOKMARK [3][-]{subsubsection.2.4.7}{\376\377\000M\000i\000s\000s\000a\000\040\000L\000'\000h\000o\000m\000m\000e\000\040\000a\000r\000m\000e}{subsection.2.4}% 30
\BOOKMARK [2][-]{subsection.2.5}{\376\377\000M\000e\000s\000s\000e\000\040\000d\000e\000\040\000N\000o\000s\000t\000r\000e\000-\000D\000a\000m\000e}{section.2}% 31
\BOOKMARK [1][-]{section.3}{\376\377\000I\000n\000\040\000t\000h\000e\000\040\000P\000r\000i\000n\000t\000s\000h\000o\000p\000s\000\040\000o\000f\000\040\000O\000t\000t\000a\000v\000i\000a\000n\000o\000\040\000P\000e\000t\000r\000u\000c\000c\000i\000\040\000a\000n\000d\000\040\000P\000i\000e\000r\000r\000e\000\040\000A\000t\000t\000a\000i\000n\000g\000n\000a\000n\000t\000\040\000c\000a\000.\000\040\0001\0005\0000\0000\000-\0001\0005\0005\0000}{}% 32
\BOOKMARK [2][-]{subsection.3.1}{\376\377\000O\000t\000t\000a\000v\000i\000a\000n\000o\000\040\000P\000e\000t\000r\000u\000c\000c\000i}{section.3}% 33
\BOOKMARK [2][-]{subsection.3.2}{\376\377\000J\000o\000s\000q\000u\000i\000n\000\040\000d\000e\000s\000\040\000P\000r\000e\000z\000\040\000\050\000c\000a\000.\000\040\0001\0004\0005\0000\000-\0001\0005\0002\0001\000\051}{section.3}% 34
\BOOKMARK [3][-]{subsubsection.3.2.1}{\376\377\000M\000i\000s\000s\000a\000\040\000L\000'\000h\000o\000m\000m\000e\000\040\000a\000r\000m\000e\000\040\000s\000u\000p\000e\000r\000\040\000v\000o\000c\000e\000s\000\040\000m\000u\000s\000i\000c\000a\000l\000e\000s}{subsection.3.2}% 35
\BOOKMARK [3][-]{subsubsection.3.2.2}{\376\377\000M\000i\000s\000s\000a\000\040\000P\000a\000n\000g\000e\000\040\000L\000i\000n\000g\000u\000a}{subsection.3.2}% 36
\BOOKMARK [3][-]{subsubsection.3.2.3}{\376\377\000A\000v\000e\000\040\000M\000a\000r\000i\000a\000.\000.\000.\000\040\000v\000i\000r\000g\000o\000\040\000s\000e\000r\000e\000n\000a}{subsection.3.2}% 37
\BOOKMARK [2][-]{subsection.3.3}{\376\377\000R\000i\000s\000e\000\040\000o\000f\000\040\000N\000a\000t\000i\000v\000e\000\040\000I\000t\000a\000l\000i\000a\000n\000\040\000M\000u\000s\000i\000c}{section.3}% 38
\BOOKMARK [3][-]{subsubsection.3.3.1}{\376\377\000l\000o\000\040\000n\000o\000n\000\040\000c\000o\000m\000p\000r\000o\000\040\000p\000i\000u\000\040\000s\000p\000e\000r\000a\000n\000z\000a}{subsection.3.3}% 39
\BOOKMARK [2][-]{subsection.3.4}{\376\377\000P\000i\000e\000r\000r\000e\000\040\000A\000t\000t\000a\000i\000n\000g\000n\000a\000n\000t\000\040\000\050\0001\0004\0009\0004\000-\0001\0005\0005\0002\000\051}{section.3}% 40
\BOOKMARK [3][-]{subsubsection.3.4.1}{\376\377\000T\000a\000n\000t\000\040\000q\000u\000e\000\040\000v\000i\000v\000r\000a\000y}{subsection.3.4}% 41
\BOOKMARK [1][-]{section.4}{\376\377\000T\000h\000e\000\040\000Y\000e\000a\000r\000\040\0001\0006\0000\0000\000:\000\040\000M\000e\000d\000i\000c\000i\000'\000s\000\040\000F\000l\000o\000r\000e\000n\000c\000e\000\040\000a\000n\000d\000\040\000E\000l\000i\000z\000a\000b\000e\000t\000h\000'\000s\000\040\000L\000o\000n\000d\000o\000n}{}% 42
\BOOKMARK [2][-]{subsection.4.1}{\376\377\000P\000o\000l\000y\000p\000h\000o\000n\000i\000c\000\040\000M\000a\000d\000r\000i\000g\000a\000l}{section.4}% 43
\BOOKMARK [2][-]{subsection.4.2}{\376\377\000L\000u\000c\000a\000\040\000M\000a\000r\000e\000n\000z\000l\000o}{section.4}% 44
\BOOKMARK [3][-]{subsubsection.4.2.1}{\376\377\000S\000o\000l\000o\000\040\000e\000\040\000p\000e\000n\000s\000o\000s\000o}{subsection.4.2}% 45
\BOOKMARK [3][-]{subsubsection.4.2.2}{\376\377\000C\000o\000n\000c\000e\000r\000t\000i\000\040\000d\000e\000l\000l\000e\000\040\000d\000o\000n\000n\000e}{subsection.4.2}% 46
\BOOKMARK [2][-]{subsection.4.3}{\376\377\000M\000o\000n\000o\000d\000y}{section.4}% 47
\BOOKMARK [3][-]{subsubsection.4.3.1}{\376\377\000T\000h\000e\000\040\000F\000l\000o\000r\000e\000t\000i\000n\000e\000\040\000C\000a\000m\000e\000r\000a\000t\000a}{subsection.4.3}% 48
\BOOKMARK [2][-]{subsection.4.4}{\376\377\000G\000i\000u\000l\000i\000o\000\040\000C\000a\000c\000c\000i\000n\000i}{section.4}% 49
\BOOKMARK [3][-]{subsubsection.4.4.1}{\376\377\000L\000e\000\040\000N\000u\000o\000v\000e\000\040\000M\000u\000i\000s\000i\000c\000h\000e}{subsection.4.4}% 50
\BOOKMARK [2][-]{subsection.4.5}{\376\377\000S\000t\000a\000g\000e\000d\000\040\000M\000u\000s\000i\000c\000\040\000i\000n\000\040\000M\000e\000d\000i\000c\000i\000\040\000F\000l\000o\000r\000e\000n\000c\000e}{section.4}% 51
\BOOKMARK [3][-]{subsubsection.4.5.1}{\376\377\000P\000e\000r\000i\000,\000\040\000E\000u\000r\000i\000d\000i\000c\000e\000\040\000\050\0001\0006\0000\0000\000\051}{subsection.4.5}% 52
\BOOKMARK [2][-]{subsection.4.6}{\376\377\000E\000l\000i\000z\000a\000b\000e\000t\000h\000a\000n\000\040\000E\000n\000g\000l\000a\000n\000d}{section.4}% 53
\BOOKMARK [3][-]{subsubsection.4.6.1}{\376\377\000J\000o\000h\000n\000\040\000D\000o\000w\000l\000a\000n\000d\000\040\000\050\0001\0005\0006\0002\000-\0001\0006\0002\0006\000\051}{subsection.4.6}% 54
\BOOKMARK [3][-]{subsubsection.4.6.2}{\376\377\000F\000l\000o\000w\000\040\000m\000y\000\040\000t\000e\000a\000r\000s}{subsection.4.6}% 55
\BOOKMARK [3][-]{subsubsection.4.6.3}{\376\377\000T\000h\000e\000\040\000v\000i\000r\000g\000i\000n\000a\000l}{subsection.4.6}% 56
\BOOKMARK [3][-]{subsubsection.4.6.4}{\376\377\000P\000a\000v\000a\000n\000a\000\040\000L\000a\000c\000r\000i\000m\000a\000e}{subsection.4.6}% 57
\BOOKMARK [3][-]{subsubsection.4.6.5}{\376\377\000C\000o\000n\000s\000o\000r\000t\000\040\000m\000u\000s\000i\000c}{subsection.4.6}% 58
\BOOKMARK [2][-]{subsection.4.7}{\376\377\000E\000l\000i\000z\000a\000b\000e\000t\000h\000a\000n\000\040\000T\000h\000e\000a\000t\000e\000r\000\040\000M\000u\000s\000i\000c}{section.4}% 59
\BOOKMARK [1][-]{section.5}{\376\377\000C\000a\000r\000n\000i\000v\000a\000l\000\040\000a\000n\000d\000\040\000L\000e\000n\000t\000\040\000i\000n\000\040\000V\000e\000n\000i\000c\000e\000,\000\040\000c\000a\000.\000\040\0001\0006\0005\0000}{}% 60
\BOOKMARK [2][-]{subsection.5.1}{\376\377\000C\000l\000a\000u\000d\000i\000o\000\040\000M\000o\000n\000t\000e\000v\000e\000r\000d\000i\000\040\000\050\0001\0005\0006\0007\000-\0001\0006\0004\0003\000\051}{section.5}% 61
\BOOKMARK [3][-]{subsubsection.5.1.1}{\376\377\000L\000'\000i\000n\000c\000o\000r\000o\000n\000a\000t\000i\000o\000n\000e\000\040\000d\000i\000\040\000P\000o\000p\000p\000e\000a\000\040\000\050\0001\0006\0004\0002\000\051}{subsection.5.1}% 62
\BOOKMARK [2][-]{subsection.5.2}{\376\377\000F\000r\000a\000n\000c\000e\000s\000c\000o\000\040\000C\000a\000v\000a\000l\000l\000i}{section.5}% 63
\BOOKMARK [2][-]{subsection.5.3}{\376\377\000C\000h\000a\000m\000b\000e\000r\000\040\000m\000u\000s\000i\000c\000\040\000i\000n\000\040\000V\000e\000n\000i\000c\000e\000\040\000c\000a\000\040\0001\0006\0005\0000}{section.5}% 64
\BOOKMARK [2][-]{subsection.5.4}{\376\377\000B\000a\000r\000b\000a\000r\000a\000\040\000S\000t\000r\000o\000z\000z\000i\000\040\000\050\0001\0006\0001\0009\000-\0001\0006\0007\0007\000\051}{section.5}% 65
\BOOKMARK [3][-]{subsubsection.5.4.1}{\376\377\000L\000a\000g\000r\000i\000m\000e\000\040\000m\000i\000e\000\040\000\050\0001\0006\0005\0009\000\051}{subsection.5.4}% 66
\BOOKMARK [2][-]{subsection.5.5}{\376\377\000P\000u\000b\000l\000i\000c\000\040\000M\000u\000s\000i\000c\000/\000L\000i\000f\000e}{section.5}% 67
\BOOKMARK [2][-]{subsection.5.6}{\376\377\000G\000i\000o\000v\000a\000n\000n\000i\000\040\000G\000a\000b\000r\000i\000e\000l\000i\000\040\000\050\0001\0005\0005\0003\000-\0001\0006\0001\0002\000\051}{section.5}% 68
\BOOKMARK [3][-]{subsubsection.5.6.1}{\376\377\000C\000a\000n\000z\000o\000n\000\040\000s\000e\000p\000t\000i\000m\000i\000\040\000t\000o\000n\000i\000\040\000a\000\040\0008\000\040\000n\000o\000.\000\040\0002\000\040\000\050\0001\0005\0009\0007\000\051}{subsection.5.6}% 69
\BOOKMARK [1][-]{section.6}{\376\377\000I\000\040\000g\000i\000v\000e\000\040\000u\000p\000.\000\040\000T\000h\000i\000s\000\040\000c\000l\000a\000s\000s\000\040\000i\000s\000\040\000s\000t\000u\000p\000i\000d\000.}{}% 70
